<?xml version="1.0" encoding="UTF-8"?>
<!-- Generated by org.testng.reporters.JUnitXMLReporter -->
<testsuite ignored="0" hostname="DESKTOP-S0OT7OH" failures="0" tests="3" name="Default test" time="0.149" errors="0" timestamp="2023-06-08T11:40:51 IST">
  <testcase classname="practice.DataProviderTest" name="bookTicket" time="0.015"/>
  <testcase classname="practice.DataProviderTest" name="bookTicket" time="0.004"/>
  <testcase classname="practice.DataProviderTest" name="bookTicket" time="0.009"/>
</testsuite> <!-- Default test -->
