<?xml version="1.0" encoding="UTF-8"?>
<testng-results ignored="0" total="3" passed="3" failed="0" skipped="0">
  <reporter-output>
  </reporter-output>
  <suite started-at="2023-06-08T11:40:51 IST" name="Default suite" finished-at="2023-06-08T11:40:51 IST" duration-ms="149">
    <groups>
    </groups>
    <test started-at="2023-06-08T11:40:51 IST" name="Default test" finished-at="2023-06-08T11:40:51 IST" duration-ms="149">
      <class name="practice.DataProviderTest">
        <test-method signature="bookTicket(java.lang.String,java.lang.String)[pri:0, instance:practice.DataProviderTest@35e2d654]" started-at="2023-06-08T11:40:51 IST" name="bookTicket" data-provider="givenData" finished-at="2023-06-08T11:40:51 IST" duration-ms="15" status="PASS">
          <params>
            <param index="0">
              <value>
                <![CDATA[Kolkata]]>
              </value>
            </param>
            <param index="1">
              <value>
                <![CDATA[Surat]]>
              </value>
            </param>
          </params>
          <reporter-output>
          </reporter-output>
        </test-method> <!-- bookTicket -->
        <test-method signature="bookTicket(java.lang.String,java.lang.String)[pri:0, instance:practice.DataProviderTest@35e2d654]" started-at="2023-06-08T11:40:51 IST" name="bookTicket" data-provider="givenData" finished-at="2023-06-08T11:40:51 IST" duration-ms="4" status="PASS">
          <params>
            <param index="0">
              <value>
                <![CDATA[Kolkata]]>
              </value>
            </param>
            <param index="1">
              <value>
                <![CDATA[Delhi]]>
              </value>
            </param>
          </params>
          <reporter-output>
          </reporter-output>
        </test-method> <!-- bookTicket -->
        <test-method signature="bookTicket(java.lang.String,java.lang.String)[pri:0, instance:practice.DataProviderTest@35e2d654]" started-at="2023-06-08T11:40:51 IST" name="bookTicket" data-provider="givenData" finished-at="2023-06-08T11:40:51 IST" duration-ms="9" status="PASS">
          <params>
            <param index="0">
              <value>
                <![CDATA[Kolkata]]>
              </value>
            </param>
            <param index="1">
              <value>
                <![CDATA[Dhaka]]>
              </value>
            </param>
          </params>
          <reporter-output>
          </reporter-output>
        </test-method> <!-- bookTicket -->
      </class> <!-- practice.DataProviderTest -->
    </test> <!-- Default test -->
  </suite> <!-- Default suite -->
</testng-results>
